<?xml version="1.0" encoding="UTF-8"?>
<!-- Generated by org.testng.reporters.JUnitXMLReporter -->
<testsuite ignored="0" hostname="MS" failures="1" tests="1" name="Test" time="8.324" errors="0" timestamp="2024-04-08T20:58:13 IST">
  <testcase classname="testCases.TC_004_SearchProductTest" name="verify_productSearch" time="1.776">
    <failure type="java.lang.AssertionError" message="null">
      <![CDATA[java.lang.AssertionError: null
at testCases.TC_004_SearchProductTest.verify_productSearch(TC_004_SearchProductTest.java:30)
at java.base/java.util.ArrayList.forEach(ArrayList.java:1596)
... Removed 27 stack frames]]>
    </failure>
  </testcase> <!-- verify_productSearch -->
</testsuite> <!-- Test -->
